/usr/sbin/mysqld, Version: 8.0.21 (MySQL Community Server - GPL). started with:
Tcp port: 0  Unix socket: /var/run/mysqld/mysqld.sock
Time                 Id Command    Argument
/usr/sbin/mysqld, Version: 8.0.21 (MySQL Community Server - GPL). started with:
Tcp port: 3306  Unix socket: /var/run/mysqld/mysqld.sock
Time                 Id Command    Argument
/usr/sbin/mysqld, Version: 8.0.21 (MySQL Community Server - GPL). started with:
Tcp port: 0  Unix socket: /var/run/mysqld/mysqld.sock
Time                 Id Command    Argument
/usr/sbin/mysqld, Version: 8.0.21 (MySQL Community Server - GPL). started with:
Tcp port: 0  Unix socket: /var/run/mysqld/mysqld.sock
Time                 Id Command    Argument
# Time: 2020-09-02T06:09:34.073108Z
# User@Host: root[root] @ localhost []  Id:     8
# Query_time: 0.108969  Lock_time: 0.000231 Rows_sent: 0  Rows_examined: 0
use mysql;
SET timestamp=1599026973;
INSERT INTO time_zone_transition (Time_zone_id, Transition_time, Transition_type_id) VALUES
 (@time_zone_id, -2147483648, 0)
,(@time_zone_id, -1514743200, 1)
,(@time_zone_id, 377935200, 2)
,(@time_zone_id, 407653200, 1)
,(@time_zone_id, 828864000, 3)
,(@time_zone_id, 846399600, 1)
,(@time_zone_id, 860313600, 3)
,(@time_zone_id, 877849200, 1)
,(@time_zone_id, 891763200, 3)
,(@time_zone_id, 909298800, 1)
,(@time_zone_id, 923212800, 3)
,(@time_zone_id, 941353200, 1)
,(@time_zone_id, 954662400, 3)
,(@time_zone_id, 972802800, 1)
,(@time_zone_id, 989136000, 3)
,(@time_zone_id, 1001833200, 1)
,(@time_zone_id, 1018166400, 3)
,(@time_zone_id, 1035702000, 1)
,(@time_zone_id, 1049616000, 3)
,(@time_zone_id, 1067151600, 1)
,(@time_zone_id, 1081065600, 3)
,(@time_zone_id, 1099206000, 1)
,(@time_zone_id, 1112515200, 3)
,(@time_zone_id, 1130655600, 1)
,(@time_zone_id, 1143964800, 3)
,(@time_zone_id, 1162105200, 1)
,(@time_zone_id, 1175414400, 3)
,(@time_zone_id, 1193554800, 1)
,(@time_zone_id, 1207468800, 3)
,(@time_zone_id, 1225004400, 1)
,(@time_zone_id, 1238918400, 3)
,(@time_zone_id, 1256454000, 1)
,(@time_zone_id, 1270368000, 3)
,(@time_zone_id, 1288508400, 1)
,(@time_zone_id, 1301817600, 3)
,(@time_zone_id, 1319958000, 1)
,(@time_zone_id, 1333267200, 3)
,(@time_zone_id, 1351407600, 1)
,(@time_zone_id, 1365321600, 3)
,(@time_zone_id, 1382857200, 1)
,(@time_zone_id, 1396771200, 3)
,(@time_zone_id, 1414306800, 1)
,(@time_zone_id, 1428220800, 3)
,(@time_zone_id, 1445756400, 1)
,(@time_zone_id, 1459670400, 3)
,(@time_zone_id, 1477810800, 1)
,(@time_zone_id, 1491120000, 3)
,(@time_zone_id, 1509260400, 1)
,(@time_zone_id, 1522569600, 3)
,(@time_zone_id, 1540710000, 1)
,(@time_zone_id, 1554624000, 3)
,(@time_zone_id, 1572159600, 1)
,(@time_zone_id, 1586073600, 3)
,(@time_zone_id, 1603609200, 1)
,(@time_zone_id, 1617523200, 3)
,(@time_zone_id, 1635663600, 1)
,(@time_zone_id, 1648972800, 3)
,(@time_zone_id, 1667113200, 1)
,(@time_zone_id, 1680422400, 3)
,(@time_zone_id, 1698562800, 1)
,(@time_zone_id, 1712476800, 3)
,(@time_zone_id, 1730012400, 1)
,(@time_zone_id, 1743926400, 3)
,(@time_zone_id, 1761462000, 1)
,(@time_zone_id, 1775376000, 3)
,(@time_zone_id, 1792911600, 1)
,(@time_zone_id, 1806825600, 3)
,(@time_zone_id, 1824966000, 1)
,(@time_zone_id, 1838275200, 3)
,(@time_zone_id, 1856415600, 1)
,(@time_zone_id, 1869724800, 3)
,(@time_zone_id, 1887865200, 1)
,(@time_zone_id, 1901779200, 3)
,(@time_zone_id, 1919314800, 1)
,(@time_zone_id, 1933228800, 3)
,(@time_zone_id, 1950764400, 1)
,(@time_zone_id, 1964678400, 3)
,(@time_zone_id, 1982818800, 1)
,(@time_zone_id, 1996128000, 3)
,(@time_zone_id, 2014268400, 1)
,(@time_zone_id, 2027577600, 3)
,(@time_zone_id, 2045718000, 1)
,(@time_zone_id, 2059027200, 3)
,(@time_zone_id, 2077167600, 1)
,(@time_zone_id, 2091081600, 3)
,(@time_zone_id, 2108617200, 1)
,(@time_zone_id, 2122531200, 3)
,(@time_zone_id, 2140066800, 1);
# Time: 2020-09-02T06:09:35.783868Z
# User@Host: root[root] @ localhost []  Id:     8
# Query_time: 0.104559  Lock_time: 0.000055 Rows_sent: 0  Rows_examined: 0
SET timestamp=1599026975;
INSERT INTO time_zone_name (Name, Time_zone_id) VALUES ('posix/Africa/Malabo', @time_zone_id);
# Time: 2020-09-02T06:09:38.548865Z
# User@Host: root[root] @ localhost []  Id:     8
# Query_time: 0.106444  Lock_time: 0.000060 Rows_sent: 0  Rows_examined: 0
SET timestamp=1599026978;
INSERT INTO time_zone_transition_type (Time_zone_id, Transition_type_id, Offset, Is_DST, Abbreviation) VALUES
 (@time_zone_id, 0, 14012, 0, 'LMT')
,(@time_zone_id, 1, 14400, 0, '+04')
,(@time_zone_id, 2, 21600, 1, '+06')
,(@time_zone_id, 3, 18000, 0, '+05')
,(@time_zone_id, 4, 18000, 0, '+05')
,(@time_zone_id, 5, 21600, 1, '+06')
,(@time_zone_id, 6, 18000, 1, '+05')
,(@time_zone_id, 7, 14400, 0, '+04')
,(@time_zone_id, 8, 18000, 0, '+05');
# Time: 2020-09-02T06:09:39.664804Z
# User@Host: root[root] @ localhost []  Id:     8
# Query_time: 0.138719  Lock_time: 0.000000 Rows_sent: 0  Rows_examined: 0
SET timestamp=1599026979;
COMMIT;
/usr/sbin/mysqld, Version: 8.0.21 (MySQL Community Server - GPL). started with:
Tcp port: 3306  Unix socket: /var/run/mysqld/mysqld.sock
Time                 Id Command    Argument
/usr/sbin/mysqld, Version: 8.0.21 (MySQL Community Server - GPL). started with:
Tcp port: 3306  Unix socket: /var/run/mysqld/mysqld.sock
Time                 Id Command    Argument
# Time: 2020-09-03T15:09:58.602371Z
# User@Host: root[root] @  [172.18.0.1]  Id:     8
# Query_time: 0.463153  Lock_time: 0.113624 Rows_sent: 599  Rows_examined: 599
SET timestamp=1599145798;
SHOW VARIABLES;
# Time: 2020-09-03T15:09:58.772013Z
# User@Host: root[root] @  [172.18.0.1]  Id:     8
# Query_time: 0.122285  Lock_time: 0.016746 Rows_sent: 5  Rows_examined: 21
SET timestamp=1599145798;
SHOW DATABASES;
